<?xml version="1.0" encoding="UTF-8"?>
<!-- Generated by org.testng.reporters.JUnitXMLReporter -->
<testsuite hostname="LAPTOP-UBMQF7FC" ignored="1" name="Test" tests="2" failures="0" timestamp="2022-01-29T09:33:30 IST" time="43.957" errors="0">
  <testcase name="Login_Logout_ExcelTestCase" time="20.029" classname="com.gcr.scripts.Login_Logout_Excel"/>
  <testcase name="Login_LogoutTestCase" time="19.252" classname="com.gcr.scripts.Login_Logout"/>
  <testcase name="@BeforeTest generateReport" time="0.0" classname="com.gcr.config.StartBrowser">
    <ignored/>
  </testcase> <!-- @BeforeTest generateReport -->
</testsuite> <!-- Test -->
