<?xml version="1.0" encoding="UTF-8"?>
<testng-results skipped="0" failed="0" ignored="1" total="3" passed="2">
  <reporter-output>
  </reporter-output>
  <suite name="Suite" duration-ms="43957" started-at="2022-01-29T09:32:46 IST" finished-at="2022-01-29T09:33:30 IST">
    <groups>
    </groups>
    <test name="Test" duration-ms="43957" started-at="2022-01-29T09:32:46 IST" finished-at="2022-01-29T09:33:30 IST">
      <class name="com.gcr.scripts.Login_Logout">
        <test-method status="PASS" signature="beforeClass()[pri:0, instance:com.gcr.scripts.Login_Logout@4bbfb90a]" name="beforeClass" is-config="true" duration-ms="1198" started-at="2022-01-29T09:33:08 IST" finished-at="2022-01-29T09:33:10 IST">
          <reporter-output>
          </reporter-output>
        </test-method> <!-- beforeClass -->
        <test-method status="PASS" signature="Login_LogoutTestCase()[pri:0, instance:com.gcr.scripts.Login_Logout@4bbfb90a]" name="Login_LogoutTestCase" duration-ms="19252" started-at="2022-01-29T09:33:10 IST" finished-at="2022-01-29T09:33:29 IST">
          <reporter-output>
          </reporter-output>
        </test-method> <!-- Login_LogoutTestCase -->
        <test-method status="PASS" signature="methodName(java.lang.reflect.Method)[pri:0, instance:com.gcr.scripts.Login_Logout@4bbfb90a]" name="methodName" is-config="true" duration-ms="0" started-at="2022-01-29T09:33:10 IST" finished-at="2022-01-29T09:33:10 IST">
          <params>
            <param index="0">
              <value>
                <![CDATA[public void com.gcr.scripts.Login_Logout.Login_LogoutTestCase() throws java.lang.Exception]]>
              </value>
            </param>
          </params>
          <reporter-output>
          </reporter-output>
        </test-method> <!-- methodName -->
        <test-method status="PASS" signature="afterClass()[pri:0, instance:com.gcr.scripts.Login_Logout@4bbfb90a]" name="afterClass" is-config="true" duration-ms="675" started-at="2022-01-29T09:33:29 IST" finished-at="2022-01-29T09:33:30 IST">
          <reporter-output>
          </reporter-output>
        </test-method> <!-- afterClass -->
      </class> <!-- com.gcr.scripts.Login_Logout -->
      <class name="com.gcr.scripts.Login_Logout_Excel">
        <test-method status="PASS" signature="generateReport()[pri:0, instance:com.gcr.scripts.Login_Logout_Excel@1efed156]" name="generateReport" is-config="true" duration-ms="141" started-at="2022-01-29T09:32:46 IST" finished-at="2022-01-29T09:32:46 IST">
          <reporter-output>
          </reporter-output>
        </test-method> <!-- generateReport -->
        <test-method status="PASS" signature="beforeClass()[pri:0, instance:com.gcr.scripts.Login_Logout_Excel@1efed156]" name="beforeClass" is-config="true" duration-ms="1804" started-at="2022-01-29T09:32:46 IST" finished-at="2022-01-29T09:32:47 IST">
          <reporter-output>
          </reporter-output>
        </test-method> <!-- beforeClass -->
        <test-method status="PASS" signature="methodName(java.lang.reflect.Method)[pri:0, instance:com.gcr.scripts.Login_Logout_Excel@1efed156]" name="methodName" is-config="true" duration-ms="4" started-at="2022-01-29T09:32:48 IST" finished-at="2022-01-29T09:32:48 IST">
          <params>
            <param index="0">
              <value>
                <![CDATA[public void com.gcr.scripts.Login_Logout_Excel.Login_Logout_ExcelTestCase() throws java.lang.Exception]]>
              </value>
            </param>
          </params>
          <reporter-output>
          </reporter-output>
        </test-method> <!-- methodName -->
        <test-method status="PASS" signature="Login_Logout_ExcelTestCase()[pri:0, instance:com.gcr.scripts.Login_Logout_Excel@1efed156]" name="Login_Logout_ExcelTestCase" duration-ms="20029" started-at="2022-01-29T09:32:48 IST" finished-at="2022-01-29T09:33:08 IST">
          <reporter-output>
          </reporter-output>
        </test-method> <!-- Login_Logout_ExcelTestCase -->
        <test-method status="PASS" signature="afterClass()[pri:0, instance:com.gcr.scripts.Login_Logout_Excel@1efed156]" name="afterClass" is-config="true" duration-ms="840" started-at="2022-01-29T09:33:08 IST" finished-at="2022-01-29T09:33:08 IST">
          <reporter-output>
          </reporter-output>
        </test-method> <!-- afterClass -->
      </class> <!-- com.gcr.scripts.Login_Logout_Excel -->
    </test> <!-- Test -->
  </suite> <!-- Suite -->
</testng-results>
