<?xml version="1.0" encoding="UTF-8"?>
<testng-results ignored="0" total="1" passed="1" failed="0" skipped="0">
  <reporter-output>
  </reporter-output>
  <suite started-at="2022-02-07T22:44:57 IST" name="Default suite" finished-at="2022-02-07T22:45:15 IST" duration-ms="18095">
    <groups>
    </groups>
    <test started-at="2022-02-07T22:44:57 IST" name="Default test" finished-at="2022-02-07T22:45:15 IST" duration-ms="18095">
      <class name="com.mohs.scripts.Aboutus">
        <test-method is-config="true" signature="generateReport()[pri:0, instance:com.mohs.scripts.Aboutus@3bf9ce3e]" started-at="2022-02-07T22:44:57 IST" name="generateReport" finished-at="2022-02-07T22:44:58 IST" duration-ms="205" status="PASS">
          <reporter-output>
          </reporter-output>
        </test-method> <!-- generateReport -->
        <test-method is-config="true" signature="beforeClass()[pri:0, instance:com.mohs.scripts.Aboutus@3bf9ce3e]" started-at="2022-02-07T22:44:58 IST" name="beforeClass" finished-at="2022-02-07T22:44:59 IST" duration-ms="1441" status="PASS">
          <reporter-output>
          </reporter-output>
        </test-method> <!-- beforeClass -->
        <test-method is-config="true" signature="methodName(java.lang.reflect.Method)[pri:0, instance:com.mohs.scripts.Aboutus@3bf9ce3e]" started-at="2022-02-07T22:44:59 IST" name="methodName" finished-at="2022-02-07T22:44:59 IST" duration-ms="5" status="PASS">
          <params>
            <param index="0">
              <value>
                <![CDATA[public void com.mohs.scripts.Aboutus.AboutusTestCase() throws java.lang.Exception]]>
              </value>
            </param>
          </params>
          <reporter-output>
          </reporter-output>
        </test-method> <!-- methodName -->
        <test-method signature="AboutusTestCase()[pri:0, instance:com.mohs.scripts.Aboutus@3bf9ce3e]" started-at="2022-02-07T22:44:59 IST" name="AboutusTestCase" finished-at="2022-02-07T22:45:15 IST" duration-ms="15822" status="PASS">
          <reporter-output>
          </reporter-output>
        </test-method> <!-- AboutusTestCase -->
        <test-method is-config="true" signature="afterClass()[pri:0, instance:com.mohs.scripts.Aboutus@3bf9ce3e]" started-at="2022-02-07T22:45:15 IST" name="afterClass" finished-at="2022-02-07T22:45:15 IST" duration-ms="599" status="PASS">
          <reporter-output>
          </reporter-output>
        </test-method> <!-- afterClass -->
      </class> <!-- com.mohs.scripts.Aboutus -->
    </test> <!-- Default test -->
  </suite> <!-- Default suite -->
</testng-results>
